<?xml version="1.0" encoding="UTF-8"?>
<!-- Generated by org.testng.reporters.JUnitReportReporter -->
<testsuite hostname="DESKTOP-0ILCENT" failures="0" tests="2" name="testCases.AdminUsersTestcase" time="16.042" errors="0" timestamp="2022-11-10T21:34:39 GST" skipped="0">
  <testcase classname="testCases.AdminUsersTestcase" name="validateUniqueUserName" time="8.434"/>
  <system-out/>
  <testcase classname="testCases.AdminUsersTestcase" name="compUserTypes" time="7.608"/>
  <system-out/>
</testsuite> <!-- testCases.AdminUsersTestcase -->
