<?xml version="1.0" encoding="UTF-8"?>
<!-- Generated by org.testng.reporters.JUnitReportReporter -->
<testsuite hostname="DESKTOP-0ILCENT" failures="0" tests="2" name="testCases.MngExpenseTestcase" time="43.841" errors="0" timestamp="2022-11-05T17:49:34 GST" skipped="0">
  <testcase classname="testCases.MngExpenseTestcase" name="chkCalendar" time="22.384"/>
  <system-out/>
  <testcase classname="testCases.MngExpenseTestcase" name="chkFileUpload" time="21.457"/>
  <system-out/>
</testsuite> <!-- testCases.MngExpenseTestcase -->
