<?xml version="1.0" encoding="UTF-8"?>
<!-- Generated by org.testng.reporters.JUnitReportReporter -->
<testsuite hostname="DESKTOP-0ILCENT" failures="0" tests="3" name="testCases.LoginTestcase" time="21.545" errors="0" timestamp="2022-11-08T16:14:04 GST" skipped="0">
  <testcase classname="testCases.LoginTestcase" name="verifyLoggedUsers1" time="6.375"/>
  <system-out/>
  <testcase classname="testCases.LoginTestcase" name="verifyCheckBox" time="6.424"/>
  <system-out/>
  <testcase classname="testCases.LoginTestcase" name="verifyLoggedUsers" time="8.746"/>
  <system-out/>
</testsuite> <!-- testCases.LoginTestcase -->
