<?xml version="1.0" encoding="UTF-8"?>
<!-- Generated by org.testng.reporters.JUnitReportReporter -->
<testsuite hostname="DESKTOP-0ILCENT" failures="0" tests="5" name="testCases.MobSliderTestcase" time="70.841" errors="0" timestamp="2022-11-10T21:34:39 GST" skipped="0">
  <testcase classname="testCases.MobSliderTestcase" name="chkbgcolor" time="10.815"/>
  <system-out/>
  <testcase classname="testCases.MobSliderTestcase" name="chkStatus" time="8.090"/>
  <system-out/>
  <testcase classname="testCases.MobSliderTestcase" name="chkTitle" time="7.945"/>
  <system-out/>
  <testcase classname="testCases.MobSliderTestcase" name="uploadBigImage" time="28.238"/>
  <system-out/>
  <testcase classname="testCases.MobSliderTestcase" name="chkImagePresent" time="15.753"/>
  <system-out/>
</testsuite> <!-- testCases.MobSliderTestcase -->
