<?xml version="1.0" encoding="UTF-8"?>
<!-- Generated by org.testng.reporters.JUnitReportReporter -->
<testsuite hostname="DESKTOP-0ILCENT" failures="0" tests="5" name="testCases.MobSliderTestcase" time="103.594" errors="0" timestamp="2022-11-05T17:49:34 GST" skipped="0">
  <testcase classname="testCases.MobSliderTestcase" name="chkbgcolor" time="11.729"/>
  <system-out/>
  <testcase classname="testCases.MobSliderTestcase" name="uploadBigImage" time="56.028"/>
  <system-out/>
  <testcase classname="testCases.MobSliderTestcase" name="chkTitle" time="9.279"/>
  <system-out/>
  <testcase classname="testCases.MobSliderTestcase" name="chkImagePresent" time="17.518"/>
  <system-out/>
  <testcase classname="testCases.MobSliderTestcase" name="chkStatus" time="9.040"/>
  <system-out/>
</testsuite> <!-- testCases.MobSliderTestcase -->
