<?xml version="1.0" encoding="UTF-8"?>
<!-- Generated by org.testng.reporters.JUnitReportReporter -->
<testsuite hostname="DESKTOP-0ILCENT" failures="0" tests="2" name="testCases.MngExpenseTestcase" time="30.932" errors="0" timestamp="2022-11-08T16:14:04 GST" skipped="0">
  <testcase classname="testCases.MngExpenseTestcase" name="chkCalendar" time="6.632"/>
  <system-out/>
  <testcase classname="testCases.MngExpenseTestcase" name="chkFileUpload" time="24.300"/>
  <system-out/>
</testsuite> <!-- testCases.MngExpenseTestcase -->
