<?xml version="1.0" encoding="UTF-8"?>
<!-- Generated by org.testng.reporters.JUnitReportReporter -->
<testsuite hostname="DESKTOP-0ILCENT" failures="0" tests="1" name="testCases.MngExpenseTestcase" time="16.642" errors="0" timestamp="2022-11-12T20:33:23 GST" skipped="0">
  <testcase classname="testCases.MngExpenseTestcase" name="chkCalendar" time="16.642"/>
  <system-out/>
</testsuite> <!-- testCases.MngExpenseTestcase -->
