<?xml version="1.0" encoding="UTF-8"?>
<!-- Generated by org.testng.reporters.JUnitReportReporter -->
<testsuite hostname="DESKTOP-0ILCENT" failures="0" tests="2" name="testCases.AdminUsersTestcase" time="47.205" errors="0" timestamp="2022-11-13T11:00:39 GST" skipped="0">
  <testcase classname="testCases.AdminUsersTestcase" name="compUserTypes" time="23.404"/>
  <system-out/>
  <testcase classname="testCases.AdminUsersTestcase" name="validateUniqueUserName" time="23.801"/>
  <system-out/>
</testsuite> <!-- testCases.AdminUsersTestcase -->
