<?xml version="1.0" encoding="UTF-8"?>
<!-- Generated by org.testng.reporters.JUnitReportReporter -->
<testsuite hostname="DESKTOP-0ILCENT" failures="0" tests="1" name="testCases.MngExpenseTestcase" time="41.425" errors="0" timestamp="2022-11-13T14:23:58 GST" skipped="0">
  <testcase classname="testCases.MngExpenseTestcase" name="chkFileUpload" time="41.425"/>
  <system-out/>
</testsuite> <!-- testCases.MngExpenseTestcase -->
