<?xml version="1.0" encoding="UTF-8"?>
<!-- Generated by org.testng.reporters.JUnitReportReporter -->
<testsuite hostname="DESKTOP-0ILCENT" failures="0" tests="4" name="testCases.MngLocationTestcase" time="58.782" errors="0" timestamp="2022-11-08T18:25:33 GST" skipped="0">
  <testcase classname="testCases.MngLocationTestcase" name="getBgColor" time="8.905"/>
  <system-out/>
  <testcase classname="testCases.MngLocationTestcase" name="getDelCharge" time="10.282"/>
  <system-out/>
  <testcase classname="testCases.MngLocationTestcase" name="chkStateselected" time="14.198"/>
  <system-out/>
  <testcase classname="testCases.MngLocationTestcase" name="chkStatus" time="25.397"/>
  <system-out/>
</testsuite> <!-- testCases.MngLocationTestcase -->
