<?xml version="1.0" encoding="UTF-8"?>
<!-- Generated by org.testng.reporters.JUnitReportReporter -->
<testsuite hostname="DESKTOP-0ILCENT" failures="0" tests="2" name="testCases.AdminUsersTestcase" time="34.683" errors="0" timestamp="2022-11-08T16:14:04 GST" skipped="0">
  <testcase classname="testCases.AdminUsersTestcase" name="validateUniqueUserName" time="25.997"/>
  <system-out/>
  <testcase classname="testCases.AdminUsersTestcase" name="compUserTypes" time="8.686"/>
  <system-out/>
</testsuite> <!-- testCases.AdminUsersTestcase -->
