<?xml version="1.0" encoding="UTF-8"?>
<!-- Generated by org.testng.reporters.JUnitReportReporter -->
<testsuite hostname="DESKTOP-0ILCENT" failures="0" tests="3" name="testCases.DashBoardTestCase" time="63.576" errors="0" timestamp="2022-11-10T21:34:39 GST" skipped="0">
  <testcase classname="testCases.DashBoardTestCase" name="checkProfileName" time="16.338"/>
  <system-out/>
  <testcase classname="testCases.DashBoardTestCase" name="checkColorHomeBtn" time="23.436"/>
  <system-out/>
  <testcase classname="testCases.DashBoardTestCase" name="checkEnableBar" time="23.802"/>
  <system-out/>
</testsuite> <!-- testCases.DashBoardTestCase -->
