<?xml version="1.0" encoding="UTF-8"?>
<!-- Generated by org.testng.reporters.JUnitReportReporter -->
<testsuite hostname="DESKTOP-0ILCENT" failures="0" tests="4" name="testCases.MngOrdersTestcase" time="63.490" errors="0" timestamp="2022-11-14T17:52:14 GST" skipped="0">
  <testcase classname="testCases.MngOrdersTestcase" name="chkElementsStatus" time="7.571"/>
  <system-out/>
  <testcase classname="testCases.MngOrdersTestcase" name="chkSrchByPaymentMode" time="24.665"/>
  <system-out/>
  <testcase classname="testCases.MngOrdersTestcase" name="chkElementsStatus" time="7.623"/>
  <system-out/>
  <testcase classname="testCases.MngOrdersTestcase" name="chkElementsStatus" time="23.631"/>
  <system-out/>
</testsuite> <!-- testCases.MngOrdersTestcase -->
