<?xml version="1.0" encoding="UTF-8"?>
<!-- Generated by org.testng.reporters.JUnitReportReporter -->
<testsuite hostname="DESKTOP-0ILCENT" failures="0" tests="3" name="testCases.DashBoardTestCase" time="71.916" errors="0" timestamp="2022-11-02T08:28:20 GST" skipped="0">
  <testcase classname="testCases.DashBoardTestCase" name="checkColorHomeBtn" time="23.586"/>
  <system-out/>
  <testcase classname="testCases.DashBoardTestCase" name="checkProfileName" time="24.554"/>
  <system-out/>
  <testcase classname="testCases.DashBoardTestCase" name="checkEnableBar" time="23.776"/>
  <system-out/>
</testsuite> <!-- testCases.DashBoardTestCase -->
