<?xml version="1.0" encoding="UTF-8"?>
<!-- Generated by org.testng.reporters.JUnitReportReporter -->
<testsuite hostname="DESKTOP-0ILCENT" failures="0" tests="5" name="testCases.MobSliderTestcase" time="141.977" errors="0" timestamp="2022-11-13T11:00:39 GST" skipped="0">
  <testcase classname="testCases.MobSliderTestcase" name="chkImagePresent" time="22.925"/>
  <system-out/>
  <testcase classname="testCases.MobSliderTestcase" name="chkTitle" time="23.458"/>
  <system-out/>
  <testcase classname="testCases.MobSliderTestcase" name="chkbgcolor" time="26.572"/>
  <system-out/>
  <testcase classname="testCases.MobSliderTestcase" name="uploadBigImage" time="45.357"/>
  <system-out/>
  <testcase classname="testCases.MobSliderTestcase" name="chkStatus" time="23.665"/>
  <system-out/>
</testsuite> <!-- testCases.MobSliderTestcase -->
