<?xml version="1.0" encoding="UTF-8"?>
<!-- Generated by org.testng.reporters.JUnitReportReporter -->
<testsuite hostname="DESKTOP-0ILCENT" failures="0" tests="4" name="testCases.MngOrdersTestcase" time="54.940" errors="0" timestamp="2022-11-08T16:14:04 GST" skipped="0">
  <testcase classname="testCases.MngOrdersTestcase" name="chkElementsStatus" time="9.214"/>
  <system-out/>
  <testcase classname="testCases.MngOrdersTestcase" name="chkElementsStatus" time="24.997"/>
  <system-out/>
  <testcase classname="testCases.MngOrdersTestcase" name="chkElementsStatus" time="9.465"/>
  <system-out/>
  <testcase classname="testCases.MngOrdersTestcase" name="chkSrchByPaymentMode" time="11.264"/>
  <system-out/>
</testsuite> <!-- testCases.MngOrdersTestcase -->
