<?xml version="1.0" encoding="UTF-8"?>
<!-- Generated by org.testng.reporters.JUnitReportReporter -->
<testsuite hostname="DESKTOP-0ILCENT" failures="0" tests="4" name="testCases.MngOfferCodeTestcase" time="96.126" errors="0" timestamp="2022-11-13T11:00:39 GST" skipped="0">
  <testcase classname="testCases.MngOfferCodeTestcase" name="chkAddOffer" time="21.170"/>
  <system-out/>
  <testcase classname="testCases.MngOfferCodeTestcase" name="chkupdateOffer" time="25.334"/>
  <system-out/>
  <testcase classname="testCases.MngOfferCodeTestcase" name="chkDelOffer" time="26.790"/>
  <system-out/>
  <testcase classname="testCases.MngOfferCodeTestcase" name="chkUrlPage" time="22.832"/>
  <system-out/>
</testsuite> <!-- testCases.MngOfferCodeTestcase -->
