<?xml version="1.0" encoding="UTF-8"?>
<!-- Generated by org.testng.reporters.JUnitReportReporter -->
<testsuite hostname="DESKTOP-0ILCENT" failures="0" tests="4" name="testCases.MngOrdersTestcase" time="65.926" errors="0" timestamp="2022-11-10T21:34:39 GST" skipped="0">
  <testcase classname="testCases.MngOrdersTestcase" name="chkElementsStatus" time="23.964"/>
  <system-out/>
  <testcase classname="testCases.MngOrdersTestcase" name="chkSrchByPaymentMode" time="9.813"/>
  <system-out/>
  <testcase classname="testCases.MngOrdersTestcase" name="chkElementsStatus" time="7.984"/>
  <system-out/>
  <testcase classname="testCases.MngOrdersTestcase" name="chkElementsStatus" time="24.165"/>
  <system-out/>
</testsuite> <!-- testCases.MngOrdersTestcase -->
