<?xml version="1.0" encoding="UTF-8"?>
<!-- Generated by org.testng.reporters.JUnitReportReporter -->
<testsuite hostname="DESKTOP-0ILCENT" failures="0" tests="4" name="testCases.LoginTestcase" time="57.181" errors="0" timestamp="2022-11-14T17:52:14 GST" skipped="0">
  <testcase classname="testCases.LoginTestcase" name="verifyLoggedUsers" time="22.780"/>
  <system-out/>
  <testcase classname="testCases.LoginTestcase" name="verifyCheckBox" time="5.535"/>
  <system-out/>
  <testcase classname="testCases.LoginTestcase" name="verifyLoggedUsers" time="23.306"/>
  <system-out/>
  <testcase classname="testCases.LoginTestcase" name="verifyLoggedUsers1" time="5.560"/>
  <system-out/>
</testsuite> <!-- testCases.LoginTestcase -->
