<?xml version="1.0" encoding="UTF-8"?>
<!-- Generated by org.testng.reporters.JUnitReportReporter -->
<testsuite hostname="DESKTOP-0ILCENT" failures="0" tests="5" name="testCases.MobSliderTestcase" time="118.385" errors="0" timestamp="2022-11-14T17:52:14 GST" skipped="0">
  <testcase classname="testCases.MobSliderTestcase" name="chkTitle" time="7.578"/>
  <system-out/>
  <testcase classname="testCases.MobSliderTestcase" name="chkbgcolor" time="26.490"/>
  <system-out/>
  <testcase classname="testCases.MobSliderTestcase" name="chkImagePresent" time="31.970"/>
  <system-out/>
  <testcase classname="testCases.MobSliderTestcase" name="uploadBigImage" time="27.970"/>
  <system-out/>
  <testcase classname="testCases.MobSliderTestcase" name="chkStatus" time="24.377"/>
  <system-out/>
</testsuite> <!-- testCases.MobSliderTestcase -->
