<?xml version="1.0" encoding="UTF-8"?>
<!-- Generated by org.testng.reporters.JUnitReportReporter -->
<testsuite hostname="DESKTOP-0ILCENT" failures="0" tests="2" name="testCases.MngOfferCodeTestcase" time="21.148" errors="0" timestamp="2022-11-10T21:34:39 GST" skipped="0">
  <testcase classname="testCases.MngOfferCodeTestcase" name="chkUrlPage" time="7.553"/>
  <system-out/>
  <testcase classname="testCases.MngOfferCodeTestcase" name="chkAddOffer" time="13.595"/>
  <system-out/>
</testsuite> <!-- testCases.MngOfferCodeTestcase -->
