<?xml version="1.0" encoding="UTF-8"?>
<!-- Generated by org.testng.reporters.JUnitReportReporter -->
<testsuite hostname="DESKTOP-0ILCENT" failures="0" tests="3" name="testCases.PushNotificationTestcase" time="56.375" errors="0" timestamp="2022-11-10T21:34:39 GST" skipped="0">
  <testcase classname="testCases.PushNotificationTestcase" name="chkBgColor" time="24.268"/>
  <system-out/>
  <testcase classname="testCases.PushNotificationTestcase" name="chkMsg" time="24.420"/>
  <system-out/>
  <testcase classname="testCases.PushNotificationTestcase" name="chkText" time="7.687"/>
  <system-out/>
</testsuite> <!-- testCases.PushNotificationTestcase -->
