<?xml version="1.0" encoding="UTF-8"?>
<!-- Generated by org.testng.reporters.JUnitReportReporter -->
<testsuite hostname="DESKTOP-0ILCENT" failures="0" tests="4" name="testCases.MngOrdersTestcase" time="36.449" errors="0" timestamp="2022-11-05T17:49:34 GST" skipped="0">
  <testcase classname="testCases.MngOrdersTestcase" name="chkSrchByPaymentMode" time="9.982"/>
  <system-out/>
  <testcase classname="testCases.MngOrdersTestcase" name="chkElementsStatus" time="8.663"/>
  <system-out/>
  <testcase classname="testCases.MngOrdersTestcase" name="chkElementsStatus" time="9.068"/>
  <system-out/>
  <testcase classname="testCases.MngOrdersTestcase" name="chkElementsStatus" time="8.736"/>
  <system-out/>
</testsuite> <!-- testCases.MngOrdersTestcase -->
