<?xml version="1.0" encoding="UTF-8"?>
<!-- Generated by org.testng.reporters.JUnitReportReporter -->
<testsuite hostname="DESKTOP-0ILCENT" failures="0" tests="3" name="testCases.LoginTestcase" time="68.031" errors="0" timestamp="2022-11-02T08:28:20 GST" skipped="0">
  <testcase classname="testCases.LoginTestcase" name="verifyLoggedUsers" time="23.962"/>
  <system-out/>
  <testcase classname="testCases.LoginTestcase" name="verifyLoggedUsers1" time="21.965"/>
  <system-out/>
  <testcase classname="testCases.LoginTestcase" name="verifyCheckBox" time="22.104"/>
  <system-out/>
</testsuite> <!-- testCases.LoginTestcase -->
