<?xml version="1.0" encoding="UTF-8"?>
<!-- Generated by org.testng.reporters.JUnitReportReporter -->
<testsuite hostname="DESKTOP-0ILCENT" failures="0" tests="3" name="testCases.DashBoardTestCase" time="69.613" errors="0" timestamp="2022-11-13T11:00:39 GST" skipped="0">
  <testcase classname="testCases.DashBoardTestCase" name="checkProfileName" time="22.804"/>
  <system-out/>
  <testcase classname="testCases.DashBoardTestCase" name="checkColorHomeBtn" time="23.975"/>
  <system-out/>
  <testcase classname="testCases.DashBoardTestCase" name="checkEnableBar" time="22.834"/>
  <system-out/>
</testsuite> <!-- testCases.DashBoardTestCase -->
