<?xml version="1.0" encoding="UTF-8"?>
<!-- Generated by org.testng.reporters.JUnitReportReporter -->
<testsuite hostname="DESKTOP-0ILCENT" failures="0" tests="3" name="testCases.LoginTestcase" time="33.452" errors="0" timestamp="2022-11-01T14:55:43 GST" skipped="0">
  <testcase classname="testCases.LoginTestcase" name="verifyLoggedUsers1" time="6.412"/>
  <system-out/>
  <testcase classname="testCases.LoginTestcase" name="verifyLoggedUsers" time="8.193"/>
  <system-out/>
  <testcase classname="testCases.LoginTestcase" name="verifyCheckBox" time="18.847"/>
  <system-out/>
</testsuite> <!-- testCases.LoginTestcase -->
