<?xml version="1.0" encoding="UTF-8"?>
<!-- Generated by org.testng.reporters.JUnitReportReporter -->
<testsuite hostname="DESKTOP-0ILCENT" failures="0" tests="2" name="testCases.AdminUsersTestcase" time="30.939" errors="0" timestamp="2022-11-14T17:52:14 GST" skipped="0">
  <testcase classname="testCases.AdminUsersTestcase" name="compUserTypes" time="23.267"/>
  <system-out/>
  <testcase classname="testCases.AdminUsersTestcase" name="validateUniqueUserName" time="7.672"/>
  <system-out/>
</testsuite> <!-- testCases.AdminUsersTestcase -->
