<?xml version="1.0" encoding="UTF-8"?>
<!-- Generated by org.testng.reporters.JUnitReportReporter -->
<testsuite hostname="DESKTOP-0ILCENT" failures="0" tests="3" name="testCases.MngDelvryBoyTestcase" time="45.626" errors="0" timestamp="2022-11-08T16:14:04 GST" skipped="0">
  <testcase classname="testCases.MngDelvryBoyTestcase" name="chkName" time="25.073"/>
  <system-out/>
  <testcase classname="testCases.MngDelvryBoyTestcase" name="chkToolTip" time="8.882"/>
  <system-out/>
  <testcase classname="testCases.MngDelvryBoyTestcase" name="chkBgColor" time="11.671"/>
  <system-out/>
</testsuite> <!-- testCases.MngDelvryBoyTestcase -->
