<?xml version="1.0" encoding="UTF-8"?>
<!-- Generated by org.testng.reporters.JUnitReportReporter -->
<testsuite hostname="DESKTOP-0ILCENT" failures="0" tests="6" name="testCases.MngLocationTestcase" time="131.478" errors="0" timestamp="2022-11-13T11:00:39 GST" skipped="0">
  <testcase classname="testCases.MngLocationTestcase" name="chkAddLocation" time="8.794"/>
  <system-out/>
  <testcase classname="testCases.MngLocationTestcase" name="getBgColor" time="23.161"/>
  <system-out/>
  <testcase classname="testCases.MngLocationTestcase" name="chkStatus" time="23.148"/>
  <system-out/>
  <testcase classname="testCases.MngLocationTestcase" name="getDelCharge" time="23.370"/>
  <system-out/>
  <testcase classname="testCases.MngLocationTestcase" name="chkStateselected" time="27.500"/>
  <system-out/>
  <testcase classname="testCases.MngLocationTestcase" name="chkDelLocation" time="25.505"/>
  <system-out/>
</testsuite> <!-- testCases.MngLocationTestcase -->
