<?xml version="1.0" encoding="UTF-8"?>
<!-- Generated by org.testng.reporters.JUnitReportReporter -->
<testsuite hostname="DESKTOP-0ILCENT" failures="0" tests="5" name="testCases.MobSliderTestcase" time="83.564" errors="0" timestamp="2022-11-08T16:14:04 GST" skipped="0">
  <testcase classname="testCases.MobSliderTestcase" name="uploadBigImage" time="33.506"/>
  <system-out/>
  <testcase classname="testCases.MobSliderTestcase" name="chkbgcolor" time="12.639"/>
  <system-out/>
  <testcase classname="testCases.MobSliderTestcase" name="chkTitle" time="9.320"/>
  <system-out/>
  <testcase classname="testCases.MobSliderTestcase" name="chkImagePresent" time="18.554"/>
  <system-out/>
  <testcase classname="testCases.MobSliderTestcase" name="chkStatus" time="9.545"/>
  <system-out/>
</testsuite> <!-- testCases.MobSliderTestcase -->
