<?xml version="1.0" encoding="UTF-8"?>
<!-- Generated by org.testng.reporters.JUnitReportReporter -->
<testsuite hostname="DESKTOP-0ILCENT" failures="0" tests="3" name="testCases.MngDelvryBoyTestcase" time="32.395" errors="0" timestamp="2022-11-01T14:55:43 GST" skipped="0">
  <testcase classname="testCases.MngDelvryBoyTestcase" name="chkBgColor" time="12.031"/>
  <system-out/>
  <testcase classname="testCases.MngDelvryBoyTestcase" name="chkName" time="11.636"/>
  <system-out/>
  <testcase classname="testCases.MngDelvryBoyTestcase" name="chkToolTip" time="8.728"/>
  <system-out/>
</testsuite> <!-- testCases.MngDelvryBoyTestcase -->
