<?xml version="1.0" encoding="UTF-8"?>
<!-- Generated by org.testng.reporters.JUnitReportReporter -->
<testsuite hostname="DESKTOP-0ILCENT" failures="0" tests="2" name="testCases.MngOfferCodeTestcase" time="24.350" errors="0" timestamp="2022-11-05T17:49:34 GST" skipped="0">
  <testcase classname="testCases.MngOfferCodeTestcase" name="chkAddOffer" time="16.364"/>
  <system-out/>
  <testcase classname="testCases.MngOfferCodeTestcase" name="chkUrlPage" time="7.986"/>
  <system-out/>
</testsuite> <!-- testCases.MngOfferCodeTestcase -->
