<?xml version="1.0" encoding="UTF-8"?>
<!-- Generated by org.testng.reporters.JUnitReportReporter -->
<testsuite hostname="DESKTOP-0ILCENT" failures="0" tests="3" name="testCases.DashBoardTestCase" time="54.189" errors="0" timestamp="2022-11-14T17:52:14 GST" skipped="0">
  <testcase classname="testCases.DashBoardTestCase" name="checkProfileName" time="23.301"/>
  <system-out/>
  <testcase classname="testCases.DashBoardTestCase" name="checkColorHomeBtn" time="6.943"/>
  <system-out/>
  <testcase classname="testCases.DashBoardTestCase" name="checkEnableBar" time="23.945"/>
  <system-out/>
</testsuite> <!-- testCases.DashBoardTestCase -->
