<?xml version="1.0" encoding="UTF-8"?>
<!-- Generated by org.testng.reporters.JUnitReportReporter -->
<testsuite hostname="DESKTOP-0ILCENT" failures="0" tests="3" name="testCases.MngDelvryBoyTestcase" time="73.309" errors="0" timestamp="2022-11-13T11:00:39 GST" skipped="0">
  <testcase classname="testCases.MngDelvryBoyTestcase" name="chkName" time="23.582"/>
  <system-out/>
  <testcase classname="testCases.MngDelvryBoyTestcase" name="chkBgColor" time="26.221"/>
  <system-out/>
  <testcase classname="testCases.MngDelvryBoyTestcase" name="chkToolTip" time="23.506"/>
  <system-out/>
</testsuite> <!-- testCases.MngDelvryBoyTestcase -->
