<?xml version="1.0" encoding="UTF-8"?>
<!-- Generated by org.testng.reporters.JUnitReportReporter -->
<testsuite hostname="DESKTOP-0ILCENT" failures="0" tests="3" name="testCases.DashBoardTestCase" time="73.429" errors="0" timestamp="2022-11-05T17:49:34 GST" skipped="0">
  <testcase classname="testCases.DashBoardTestCase" name="checkColorHomeBtn" time="25.196"/>
  <system-out/>
  <testcase classname="testCases.DashBoardTestCase" name="checkEnableBar" time="24.065"/>
  <system-out/>
  <testcase classname="testCases.DashBoardTestCase" name="checkProfileName" time="24.168"/>
  <system-out/>
</testsuite> <!-- testCases.DashBoardTestCase -->
