<?xml version="1.0" encoding="UTF-8"?>
<!-- Generated by org.testng.reporters.JUnitReportReporter -->
<testsuite hostname="DESKTOP-0ILCENT" failures="0" tests="1" name="testCases.MobSliderTestcase" time="112.067" errors="0" timestamp="2022-10-30T20:59:24 GST" skipped="0">
  <testcase classname="testCases.MobSliderTestcase" name="chkImagePresent" time="112.067"/>
  <system-out/>
</testsuite> <!-- testCases.MobSliderTestcase -->
