<?xml version="1.0" encoding="UTF-8"?>
<!-- Generated by org.testng.reporters.JUnitReportReporter -->
<testsuite hostname="DESKTOP-0ILCENT" failures="0" tests="3" name="testCases.MngDelvryBoyTestcase" time="73.240" errors="0" timestamp="2022-11-14T17:52:14 GST" skipped="0">
  <testcase classname="testCases.MngDelvryBoyTestcase" name="chkToolTip" time="23.555"/>
  <system-out/>
  <testcase classname="testCases.MngDelvryBoyTestcase" name="chkName" time="23.593"/>
  <system-out/>
  <testcase classname="testCases.MngDelvryBoyTestcase" name="chkBgColor" time="26.092"/>
  <system-out/>
</testsuite> <!-- testCases.MngDelvryBoyTestcase -->
