<?xml version="1.0" encoding="UTF-8"?>
<!-- Generated by org.testng.reporters.JUnitReportReporter -->
<testsuite hostname="DESKTOP-0ILCENT" failures="0" tests="3" name="testCases.PushNotificationTestcase" time="28.281" errors="0" timestamp="2022-11-01T14:55:43 GST" skipped="0">
  <testcase classname="testCases.PushNotificationTestcase" name="chkBgColor" time="8.863"/>
  <system-out/>
  <testcase classname="testCases.PushNotificationTestcase" name="chkText" time="8.690"/>
  <system-out/>
  <testcase classname="testCases.PushNotificationTestcase" name="chkMsg" time="10.728"/>
  <system-out/>
</testsuite> <!-- testCases.PushNotificationTestcase -->
