<?xml version="1.0" encoding="UTF-8"?>
<!-- Generated by org.testng.reporters.JUnitReportReporter -->
<testsuite hostname="DESKTOP-0ILCENT" failures="0" tests="6" name="testCases.MngLocationTestcase" time="130.448" errors="0" timestamp="2022-11-14T17:52:14 GST" skipped="0">
  <testcase classname="testCases.MngLocationTestcase" name="chkAddLocation" time="24.706"/>
  <system-out/>
  <testcase classname="testCases.MngLocationTestcase" name="getBgColor" time="23.242"/>
  <system-out/>
  <testcase classname="testCases.MngLocationTestcase" name="chkStatus" time="23.263"/>
  <system-out/>
  <testcase classname="testCases.MngLocationTestcase" name="getDelCharge" time="23.888"/>
  <system-out/>
  <testcase classname="testCases.MngLocationTestcase" name="chkStateselected" time="11.438"/>
  <system-out/>
  <testcase classname="testCases.MngLocationTestcase" name="chkDelLocation" time="23.911"/>
  <system-out/>
</testsuite> <!-- testCases.MngLocationTestcase -->
