<?xml version="1.0" encoding="UTF-8"?>
<!-- Generated by org.testng.reporters.JUnitReportReporter -->
<testsuite hostname="DESKTOP-0ILCENT" failures="0" tests="1" name="testCases.MngLocationTestcase" time="12.916" errors="0" timestamp="2022-10-22T00:40:40 GST" skipped="0">
  <testcase classname="testCases.MngLocationTestcase" name="getDelCharge" time="12.916"/>
  <system-out/>
</testsuite> <!-- testCases.MngLocationTestcase -->
