<?xml version="1.0" encoding="UTF-8"?>
<!-- Generated by org.testng.reporters.JUnitReportReporter -->
<testsuite hostname="DESKTOP-0ILCENT" failures="0" tests="3" name="testCases.PushNotificationTestcase" time="54.879" errors="0" timestamp="2022-11-13T11:00:39 GST" skipped="0">
  <testcase classname="testCases.PushNotificationTestcase" name="chkMsg" time="24.584"/>
  <system-out/>
  <testcase classname="testCases.PushNotificationTestcase" name="chkText" time="6.990"/>
  <system-out/>
  <testcase classname="testCases.PushNotificationTestcase" name="chkBgColor" time="23.305"/>
  <system-out/>
</testsuite> <!-- testCases.PushNotificationTestcase -->
