<?xml version="1.0" encoding="UTF-8"?>
<!-- Generated by org.testng.reporters.JUnitReportReporter -->
<testsuite hostname="DESKTOP-0ILCENT" failures="0" tests="4" name="testCases.MngExpenseTestcase" time="77.710" errors="0" timestamp="2022-11-14T17:52:14 GST" skipped="0">
  <testcase classname="testCases.MngExpenseTestcase" name="chkCalendar" time="28.027"/>
  <system-out/>
  <testcase classname="testCases.MngExpenseTestcase" name="chkFileUpload" time="18.545"/>
  <system-out/>
  <testcase classname="testCases.MngExpenseTestcase" name="chkresetBtn" time="23.601"/>
  <system-out/>
  <testcase classname="testCases.MngExpenseTestcase" name="chkSearchBtn" time="7.537"/>
  <system-out/>
</testsuite> <!-- testCases.MngExpenseTestcase -->
