<?xml version="1.0" encoding="UTF-8"?>
<!-- Generated by org.testng.reporters.JUnitReportReporter -->
<testsuite hostname="DESKTOP-0ILCENT" failures="0" tests="3" name="testCases.MngDelvryBoyTestcase" time="27.332" errors="0" timestamp="2022-11-10T21:34:39 GST" skipped="0">
  <testcase classname="testCases.MngDelvryBoyTestcase" name="chkBgColor" time="11.078"/>
  <system-out/>
  <testcase classname="testCases.MngDelvryBoyTestcase" name="chkToolTip" time="7.990"/>
  <system-out/>
  <testcase classname="testCases.MngDelvryBoyTestcase" name="chkName" time="8.264"/>
  <system-out/>
</testsuite> <!-- testCases.MngDelvryBoyTestcase -->
