<?xml version="1.0" encoding="UTF-8"?>
<!-- Generated by org.testng.reporters.JUnitReportReporter -->
<testsuite hostname="DESKTOP-0ILCENT" failures="0" tests="3" name="testCases.MngDelvryBoyTestcase" time="75.178" errors="0" timestamp="2022-11-02T08:28:20 GST" skipped="0">
  <testcase classname="testCases.MngDelvryBoyTestcase" name="chkName" time="24.547"/>
  <system-out/>
  <testcase classname="testCases.MngDelvryBoyTestcase" name="chkBgColor" time="26.806"/>
  <system-out/>
  <testcase classname="testCases.MngDelvryBoyTestcase" name="chkToolTip" time="23.825"/>
  <system-out/>
</testsuite> <!-- testCases.MngDelvryBoyTestcase -->
