<?xml version="1.0" encoding="UTF-8"?>
<!-- Generated by org.testng.reporters.JUnitReportReporter -->
<testsuite hostname="DESKTOP-0ILCENT" failures="0" tests="4" name="testCases.MngLocationTestcase" time="51.503" errors="0" timestamp="2022-11-10T21:34:39 GST" skipped="0">
  <testcase classname="testCases.MngLocationTestcase" name="getDelCharge" time="23.653"/>
  <system-out/>
  <testcase classname="testCases.MngLocationTestcase" name="chkStatus" time="7.729"/>
  <system-out/>
  <testcase classname="testCases.MngLocationTestcase" name="chkStateselected" time="12.584"/>
  <system-out/>
  <testcase classname="testCases.MngLocationTestcase" name="getBgColor" time="7.537"/>
  <system-out/>
</testsuite> <!-- testCases.MngLocationTestcase -->
