<?xml version="1.0" encoding="UTF-8"?>
<!-- Generated by org.testng.reporters.JUnitReportReporter -->
<testsuite hostname="DESKTOP-0ILCENT" failures="0" tests="3" name="testCases.PushNotificationTestcase" time="54.572" errors="0" timestamp="2022-11-14T17:52:14 GST" skipped="0">
  <testcase classname="testCases.PushNotificationTestcase" name="chkBgColor" time="7.088"/>
  <system-out/>
  <testcase classname="testCases.PushNotificationTestcase" name="chkText" time="23.267"/>
  <system-out/>
  <testcase classname="testCases.PushNotificationTestcase" name="chkMsg" time="24.217"/>
  <system-out/>
</testsuite> <!-- testCases.PushNotificationTestcase -->
