<?xml version="1.0" encoding="UTF-8"?>
<!-- Generated by org.testng.reporters.JUnitReportReporter -->
<testsuite hostname="DESKTOP-0ILCENT" failures="0" tests="1" name="testCases.LoginTestcase" time="7.620" errors="0" timestamp="2022-10-21T07:42:24 GST" skipped="0">
  <testcase classname="testCases.LoginTestcase" name="verifyLoggedUsers1" time="7.620"/>
  <system-out/>
</testsuite> <!-- testCases.LoginTestcase -->
