<?xml version="1.0" encoding="UTF-8"?>
<!-- Generated by org.testng.reporters.JUnitReportReporter -->
<testsuite hostname="DESKTOP-0ILCENT" failures="0" tests="3" name="testCases.DashBoardTestCase" time="42.050" errors="0" timestamp="2022-11-08T16:14:04 GST" skipped="0">
  <testcase classname="testCases.DashBoardTestCase" name="checkColorHomeBtn" time="24.282"/>
  <system-out/>
  <testcase classname="testCases.DashBoardTestCase" name="checkEnableBar" time="9.458"/>
  <system-out/>
  <testcase classname="testCases.DashBoardTestCase" name="checkProfileName" time="8.310"/>
  <system-out/>
</testsuite> <!-- testCases.DashBoardTestCase -->
