<?xml version="1.0" encoding="UTF-8"?>
<!-- Generated by org.testng.reporters.JUnitReportReporter -->
<testsuite hostname="DESKTOP-0ILCENT" failures="0" tests="1" name="testCases.MngExpenseTestcase" time="32.950" errors="0" timestamp="2022-10-21T07:20:36 GST" skipped="0">
  <testcase classname="testCases.MngExpenseTestcase" name="chkFileUpload" time="32.950"/>
  <system-out/>
</testsuite> <!-- testCases.MngExpenseTestcase -->
