<?xml version="1.0" encoding="UTF-8"?>
<!-- Generated by org.testng.reporters.JUnitReportReporter -->
<testsuite hostname="DESKTOP-0ILCENT" failures="0" tests="3" name="testCases.LoginTestcase" time="19.923" errors="0" timestamp="2022-11-10T21:34:39 GST" skipped="0">
  <testcase classname="testCases.LoginTestcase" name="verifyLoggedUsers1" time="6.020"/>
  <system-out/>
  <testcase classname="testCases.LoginTestcase" name="verifyCheckBox" time="6.074"/>
  <system-out/>
  <testcase classname="testCases.LoginTestcase" name="verifyLoggedUsers" time="7.829"/>
  <system-out/>
</testsuite> <!-- testCases.LoginTestcase -->
