<?xml version="1.0" encoding="UTF-8"?>
<!-- Generated by org.testng.reporters.JUnitReportReporter -->
<testsuite hostname="DESKTOP-0ILCENT" failures="0" tests="4" name="testCases.MngOrdersTestcase" time="95.437" errors="0" timestamp="2022-11-13T11:00:39 GST" skipped="0">
  <testcase classname="testCases.MngOrdersTestcase" name="chkElementsStatus" time="23.527"/>
  <system-out/>
  <testcase classname="testCases.MngOrdersTestcase" name="chkElementsStatus" time="23.525"/>
  <system-out/>
  <testcase classname="testCases.MngOrdersTestcase" name="chkElementsStatus" time="23.741"/>
  <system-out/>
  <testcase classname="testCases.MngOrdersTestcase" name="chkSrchByPaymentMode" time="24.644"/>
  <system-out/>
</testsuite> <!-- testCases.MngOrdersTestcase -->
