<?xml version="1.0" encoding="UTF-8"?>
<!-- Generated by org.testng.reporters.JUnitReportReporter -->
<testsuite hostname="DESKTOP-0ILCENT" failures="0" tests="1" name="testCases.PushNotificationTestcase" time="10.893" errors="0" timestamp="2022-10-27T12:12:57 GST" skipped="0">
  <testcase classname="testCases.PushNotificationTestcase" name="chkText" time="10.893"/>
  <system-out/>
</testsuite> <!-- testCases.PushNotificationTestcase -->
