<?xml version="1.0" encoding="UTF-8"?>
<!-- Generated by org.testng.reporters.JUnitReportReporter -->
<testsuite hostname="DESKTOP-0ILCENT" failures="0" tests="4" name="testCases.MngLocationTestcase" time="56.748" errors="0" timestamp="2022-11-08T16:14:04 GST" skipped="0">
  <testcase classname="testCases.MngLocationTestcase" name="getDelCharge" time="8.647"/>
  <system-out/>
  <testcase classname="testCases.MngLocationTestcase" name="getBgColor" time="8.443"/>
  <system-out/>
  <testcase classname="testCases.MngLocationTestcase" name="chkStateselected" time="14.878"/>
  <system-out/>
  <testcase classname="testCases.MngLocationTestcase" name="chkStatus" time="24.780"/>
  <system-out/>
</testsuite> <!-- testCases.MngLocationTestcase -->
