<?xml version="1.0" encoding="UTF-8"?>
<!-- Generated by org.testng.reporters.JUnitReportReporter -->
<testsuite hostname="DESKTOP-0ILCENT" failures="0" tests="3" name="testCases.LoginTestcase" time="21.451" errors="0" timestamp="2022-11-05T17:49:34 GST" skipped="0">
  <testcase classname="testCases.LoginTestcase" name="verifyLoggedUsers1" time="6.341"/>
  <system-out/>
  <testcase classname="testCases.LoginTestcase" name="verifyCheckBox" time="6.320"/>
  <system-out/>
  <testcase classname="testCases.LoginTestcase" name="verifyLoggedUsers" time="8.790"/>
  <system-out/>
</testsuite> <!-- testCases.LoginTestcase -->
