<?xml version="1.0" encoding="UTF-8"?>
<!-- Generated by org.testng.reporters.JUnitReportReporter -->
<testsuite hostname="DESKTOP-0ILCENT" failures="0" tests="3" name="testCases.DashBoardTestCase" time="37.960" errors="0" timestamp="2022-11-01T14:55:43 GST" skipped="0">
  <testcase classname="testCases.DashBoardTestCase" name="checkProfileName" time="10.745"/>
  <system-out/>
  <testcase classname="testCases.DashBoardTestCase" name="checkColorHomeBtn" time="8.402"/>
  <system-out/>
  <testcase classname="testCases.DashBoardTestCase" name="checkEnableBar" time="18.813"/>
  <system-out/>
</testsuite> <!-- testCases.DashBoardTestCase -->
