<?xml version="1.0" encoding="UTF-8"?>
<!-- Generated by org.testng.reporters.JUnitReportReporter -->
<testsuite hostname="DESKTOP-0ILCENT" failures="0" tests="3" name="testCases.MngDelvryBoyTestcase" time="44.659" errors="0" timestamp="2022-11-05T17:49:34 GST" skipped="0">
  <testcase classname="testCases.MngDelvryBoyTestcase" name="chkName" time="8.667"/>
  <system-out/>
  <testcase classname="testCases.MngDelvryBoyTestcase" name="chkToolTip" time="8.237"/>
  <system-out/>
  <testcase classname="testCases.MngDelvryBoyTestcase" name="chkBgColor" time="27.755"/>
  <system-out/>
</testsuite> <!-- testCases.MngDelvryBoyTestcase -->
