<?xml version="1.0" encoding="UTF-8"?>
<!-- Generated by org.testng.reporters.JUnitReportReporter -->
<testsuite hostname="DESKTOP-0ILCENT" failures="0" tests="3" name="testCases.DashBoardTestCase" time="26.607" errors="0" timestamp="2022-10-25T08:21:55 GST" skipped="0">
  <testcase classname="testCases.DashBoardTestCase" name="checkEnableBar" time="10.738"/>
  <system-out/>
  <testcase classname="testCases.DashBoardTestCase" name="checkProfileName" time="7.802"/>
  <system-out/>
  <testcase classname="testCases.DashBoardTestCase" name="checkColorHomeBtn" time="8.067"/>
  <system-out/>
</testsuite> <!-- testCases.DashBoardTestCase -->
