<?xml version="1.0" encoding="UTF-8"?>
<!-- Generated by org.testng.reporters.JUnitReportReporter -->
<testsuite hostname="DESKTOP-0ILCENT" failures="0" tests="3" name="testCases.PushNotificationTestcase" time="25.918" errors="0" timestamp="2022-11-05T17:49:34 GST" skipped="0">
  <testcase classname="testCases.PushNotificationTestcase" name="chkBgColor" time="8.393"/>
  <system-out/>
  <testcase classname="testCases.PushNotificationTestcase" name="chkText" time="8.251"/>
  <system-out/>
  <testcase classname="testCases.PushNotificationTestcase" name="chkMsg" time="9.274"/>
  <system-out/>
</testsuite> <!-- testCases.PushNotificationTestcase -->
