<?xml version="1.0" encoding="UTF-8"?>
<!-- Generated by org.testng.reporters.JUnitReportReporter -->
<testsuite hostname="DESKTOP-0ILCENT" failures="0" tests="2" name="testCases.MngLocationTestcase" time="21.343" errors="0" timestamp="2022-11-05T18:41:41 GST" skipped="0">
  <testcase classname="testCases.MngLocationTestcase" name="getBgColor" time="9.512"/>
  <system-out/>
  <testcase classname="testCases.MngLocationTestcase" name="chkStatus" time="11.831"/>
  <system-out/>
</testsuite> <!-- testCases.MngLocationTestcase -->
