<?xml version="1.0" encoding="UTF-8"?>
<!-- Generated by org.testng.reporters.JUnitReportReporter -->
<testsuite hostname="DESKTOP-0ILCENT" failures="0" tests="2" name="testCases.MngExpenseTestcase" time="29.031" errors="0" timestamp="2022-11-10T21:34:39 GST" skipped="0">
  <testcase classname="testCases.MngExpenseTestcase" name="chkCalendar" time="5.767"/>
  <system-out/>
  <testcase classname="testCases.MngExpenseTestcase" name="chkFileUpload" time="23.264"/>
  <system-out/>
</testsuite> <!-- testCases.MngExpenseTestcase -->
