<?xml version="1.0" encoding="UTF-8"?>
<!-- Generated by org.testng.reporters.JUnitReportReporter -->
<testsuite hostname="DESKTOP-0ILCENT" failures="0" tests="3" name="testCases.MngOfferCodeTestcase" time="84.335" errors="0" timestamp="2022-11-11T23:34:23 GST" skipped="0">
  <testcase classname="testCases.MngOfferCodeTestcase" name="chkAddOffer" time="32.317"/>
  <system-out/>
  <testcase classname="testCases.MngOfferCodeTestcase" name="chkupdateOffer" time="24.848"/>
  <system-out/>
  <testcase classname="testCases.MngOfferCodeTestcase" name="chkDelOffer" time="27.170"/>
  <system-out/>
</testsuite> <!-- testCases.MngOfferCodeTestcase -->
