<?xml version="1.0" encoding="UTF-8"?>
<!-- Generated by org.testng.reporters.JUnitReportReporter -->
<testsuite hostname="DESKTOP-0ILCENT" failures="0" tests="3" name="testCases.PushNotificationTestcase" time="43.580" errors="0" timestamp="2022-11-08T16:14:04 GST" skipped="0">
  <testcase classname="testCases.PushNotificationTestcase" name="chkText" time="24.598"/>
  <system-out/>
  <testcase classname="testCases.PushNotificationTestcase" name="chkBgColor" time="8.770"/>
  <system-out/>
  <testcase classname="testCases.PushNotificationTestcase" name="chkMsg" time="10.212"/>
  <system-out/>
</testsuite> <!-- testCases.PushNotificationTestcase -->
