<?xml version="1.0" encoding="UTF-8"?>
<!-- Generated by org.testng.reporters.JUnitReportReporter -->
<testsuite hostname="DESKTOP-0ILCENT" failures="0" tests="4" name="testCases.MngOfferCodeTestcase" time="70.586" errors="0" timestamp="2022-11-14T17:52:14 GST" skipped="0">
  <testcase classname="testCases.MngOfferCodeTestcase" name="chkAddOffer" time="12.649"/>
  <system-out/>
  <testcase classname="testCases.MngOfferCodeTestcase" name="chkupdateOffer" time="8.779"/>
  <system-out/>
  <testcase classname="testCases.MngOfferCodeTestcase" name="chkDelOffer" time="26.429"/>
  <system-out/>
  <testcase classname="testCases.MngOfferCodeTestcase" name="chkUrlPage" time="22.729"/>
  <system-out/>
</testsuite> <!-- testCases.MngOfferCodeTestcase -->
